[02-May-2022 04:59:06 Europe/Berlin] Inicio de aplicacion web
[02-May-2022 04:59:06 Europe/Berlin] Errores:: construct -> inicio de Errores
[02-May-2022 04:59:51 Europe/Berlin] Inicio de aplicacion web
[02-May-2022 04:59:51 Europe/Berlin] Errores:: construct -> inicio de Errores
[02-May-2022 05:01:57 Europe/Berlin] Inicio de aplicacion web
[02-May-2022 05:01:57 Europe/Berlin] PHP Fatal error:  Uncaught Error: Call to undefined function render() in C:\xampp\htdocs\Maestria\Laboratorio\libs\App.php:53
Stack trace:
#0 C:\xampp\htdocs\Maestria\Laboratorio\index.php(22): App->__construct()
#1 {main}
  thrown in C:\xampp\htdocs\Maestria\Laboratorio\libs\App.php on line 53
[02-May-2022 05:02:37 Europe/Berlin] Inicio de aplicacion web
[02-May-2022 05:02:37 Europe/Berlin] Errores:: construct -> inicio de Errores
[02-May-2022 05:02:37 Europe/Berlin] Errores:: render -> Carga el index de Errores
[02-May-2022 09:08:39 Europe/Berlin] Inicio de aplicacion web
[02-May-2022 09:08:39 Europe/Berlin] APP::construct -> No hay controlador especificado
[02-May-2022 09:08:39 Europe/Berlin] Login:: construct -> inicio de Login
[02-May-2022 09:08:39 Europe/Berlin] Login:: render -> Carga el index de Login
[02-May-2022 09:08:39 Europe/Berlin] PHP Warning:  Undefined array key "error" in C:\xampp\htdocs\Maestria\Laboratorio\libs\View.php on line 33
[02-May-2022 09:08:39 Europe/Berlin] PHP Fatal error:  Uncaught Error: Class "SuccessMessages" not found in C:\xampp\htdocs\Maestria\Laboratorio\libs\View.php:34
Stack trace:
#0 C:\xampp\htdocs\Maestria\Laboratorio\libs\View.php(17): View->handleSuccess()
#1 C:\xampp\htdocs\Maestria\Laboratorio\libs\View.php(8): View->handleMessages()
#2 C:\xampp\htdocs\Maestria\Laboratorio\controllers\Login.php(11): View->render('login/index')
#3 C:\xampp\htdocs\Maestria\Laboratorio\libs\App.php(18): Login->render()
#4 C:\xampp\htdocs\Maestria\Laboratorio\index.php(22): App->__construct()
#5 {main}
  thrown in C:\xampp\htdocs\Maestria\Laboratorio\libs\View.php on line 34
[02-May-2022 09:09:52 Europe/Berlin] Inicio de aplicacion web
[02-May-2022 09:09:52 Europe/Berlin] APP::construct -> No hay controlador especificado
[02-May-2022 09:09:52 Europe/Berlin] Login:: construct -> inicio de Login
[02-May-2022 09:09:52 Europe/Berlin] Login:: render -> Carga el index de Login
[02-May-2022 09:09:52 Europe/Berlin] PHP Warning:  Undefined array key "error" in C:\xampp\htdocs\Maestria\Laboratorio\libs\View.php on line 33
[02-May-2022 09:09:52 Europe/Berlin] PHP Fatal error:  Uncaught Error: Class "Success" not found in C:\xampp\htdocs\Maestria\Laboratorio\classes\SuccessMessages.php:23
Stack trace:
#0 C:\xampp\htdocs\Maestria\Laboratorio\libs\View.php(34): SuccessMessages->__construct()
#1 C:\xampp\htdocs\Maestria\Laboratorio\libs\View.php(17): View->handleSuccess()
#2 C:\xampp\htdocs\Maestria\Laboratorio\libs\View.php(8): View->handleMessages()
#3 C:\xampp\htdocs\Maestria\Laboratorio\controllers\Login.php(11): View->render('login/index')
#4 C:\xampp\htdocs\Maestria\Laboratorio\libs\App.php(18): Login->render()
#5 C:\xampp\htdocs\Maestria\Laboratorio\index.php(24): App->__construct()
#6 {main}
  thrown in C:\xampp\htdocs\Maestria\Laboratorio\classes\SuccessMessages.php on line 23
[02-May-2022 09:11:03 Europe/Berlin] Inicio de aplicacion web
[02-May-2022 09:11:03 Europe/Berlin] APP::construct -> No hay controlador especificado
[02-May-2022 09:11:03 Europe/Berlin] Login:: construct -> inicio de Login
[02-May-2022 09:11:03 Europe/Berlin] Login:: render -> Carga el index de Login
[02-May-2022 09:11:03 Europe/Berlin] PHP Warning:  Undefined array key "error" in C:\xampp\htdocs\Maestria\Laboratorio\libs\View.php on line 33
[02-May-2022 09:12:36 Europe/Berlin] Inicio de aplicacion web
[02-May-2022 09:12:36 Europe/Berlin] APP::construct -> No hay controlador especificado
[02-May-2022 09:12:36 Europe/Berlin] Login:: construct -> inicio de Login
[02-May-2022 09:12:36 Europe/Berlin] Login:: render -> Carga el index de Login
[02-May-2022 09:12:36 Europe/Berlin] PHP Warning:  Undefined array key "error" in C:\xampp\htdocs\Maestria\Laboratorio\libs\View.php on line 33
[02-May-2022 09:12:38 Europe/Berlin] Inicio de aplicacion web
[02-May-2022 09:12:38 Europe/Berlin] APP::construct -> No hay controlador especificado
[02-May-2022 09:12:38 Europe/Berlin] Login:: construct -> inicio de Login
[02-May-2022 09:12:38 Europe/Berlin] Login:: render -> Carga el index de Login
[02-May-2022 09:12:38 Europe/Berlin] PHP Warning:  Undefined array key "error" in C:\xampp\htdocs\Maestria\Laboratorio\libs\View.php on line 33
[02-May-2022 09:13:11 Europe/Berlin] Inicio de aplicacion web
[02-May-2022 09:13:11 Europe/Berlin] APP::construct -> No hay controlador especificado
[02-May-2022 09:13:11 Europe/Berlin] Login:: construct -> inicio de Login
[02-May-2022 09:13:11 Europe/Berlin] Login:: render -> Carga el index de Login
[02-May-2022 09:13:11 Europe/Berlin] PHP Warning:  Undefined array key "error" in C:\xampp\htdocs\Maestria\Laboratorio\libs\View.php on line 33
[02-May-2022 09:13:12 Europe/Berlin] Inicio de aplicacion web
[02-May-2022 09:13:12 Europe/Berlin] APP::construct -> No hay controlador especificado
[02-May-2022 09:13:12 Europe/Berlin] Login:: construct -> inicio de Login
[02-May-2022 09:13:12 Europe/Berlin] Login:: render -> Carga el index de Login
[02-May-2022 09:13:12 Europe/Berlin] PHP Warning:  Undefined array key "error" in C:\xampp\htdocs\Maestria\Laboratorio\libs\View.php on line 33
[02-May-2022 09:13:12 Europe/Berlin] Inicio de aplicacion web
[02-May-2022 09:13:12 Europe/Berlin] APP::construct -> No hay controlador especificado
[02-May-2022 09:13:12 Europe/Berlin] Login:: construct -> inicio de Login
[02-May-2022 09:13:12 Europe/Berlin] Login:: render -> Carga el index de Login
[02-May-2022 09:13:12 Europe/Berlin] PHP Warning:  Undefined array key "error" in C:\xampp\htdocs\Maestria\Laboratorio\libs\View.php on line 33
[02-May-2022 09:13:12 Europe/Berlin] Inicio de aplicacion web
[02-May-2022 09:13:12 Europe/Berlin] APP::construct -> No hay controlador especificado
[02-May-2022 09:13:12 Europe/Berlin] Login:: construct -> inicio de Login
[02-May-2022 09:13:12 Europe/Berlin] Login:: render -> Carga el index de Login
[02-May-2022 09:13:12 Europe/Berlin] PHP Warning:  Undefined array key "error" in C:\xampp\htdocs\Maestria\Laboratorio\libs\View.php on line 33
[02-May-2022 09:13:12 Europe/Berlin] Inicio de aplicacion web
[02-May-2022 09:13:12 Europe/Berlin] APP::construct -> No hay controlador especificado
[02-May-2022 09:13:12 Europe/Berlin] Login:: construct -> inicio de Login
[02-May-2022 09:13:12 Europe/Berlin] Login:: render -> Carga el index de Login
[02-May-2022 09:13:12 Europe/Berlin] PHP Warning:  Undefined array key "error" in C:\xampp\htdocs\Maestria\Laboratorio\libs\View.php on line 33
[02-May-2022 09:14:03 Europe/Berlin] Inicio de aplicacion web
[02-May-2022 09:14:03 Europe/Berlin] APP::construct -> No hay controlador especificado
[02-May-2022 09:14:03 Europe/Berlin] Login:: construct -> inicio de Login
[02-May-2022 09:14:03 Europe/Berlin] Login:: render -> Carga el index de Login
[03-May-2022 03:18:34 Europe/Berlin] Inicio de aplicacion web
[03-May-2022 03:18:34 Europe/Berlin] APP::construct -> No hay controlador especificado
[03-May-2022 03:18:34 Europe/Berlin] Login:: construct -> inicio de Login
[03-May-2022 03:18:34 Europe/Berlin] Login:: render -> Carga el index de Login
